<?xml version="1.0" encoding="UTF-8"?>
<testsuite xmlns:xsi="http://www.w3.org/2001/XMLSchema-instance" xsi:noNamespaceSchemaLocation="https://maven.apache.org/surefire/maven-surefire-plugin/xsd/surefire-test-report.xsd" name="com.yeahbutstilldev.ws.api.resourceserver.ResourceServerApplicationTests" time="14.442" tests="1" errors="0" skipped="0" failures="0">
  <properties>
    <property name="java.specification.version" value="17"/>
    <property name="sun.jnu.encoding" value="UTF-8"/>
    <property name="java.class.path" value="/home/yeahbutstill/IdeaProjects/OAuth 2.0 in Spring Boot Applications/resource-serv/target/test-classes:/home/yeahbutstill/IdeaProjects/OAuth 2.0 in Spring Boot Applications/resource-serv/target/classes:/home/yeahbutstill/.m2/repository/org/springframework/boot/spring-boot-starter-oauth2-resource-server/2.7.6/spring-boot-starter-oauth2-resource-server-2.7.6.jar:/home/yeahbutstill/.m2/repository/org/springframework/boot/spring-boot-starter/2.7.6/spring-boot-starter-2.7.6.jar:/home/yeahbutstill/.m2/repository/org/springframework/boot/spring-boot-starter-logging/2.7.6/spring-boot-starter-logging-2.7.6.jar:/home/yeahbutstill/.m2/repository/ch/qos/logback/logback-classic/1.2.11/logback-classic-1.2.11.jar:/home/yeahbutstill/.m2/repository/ch/qos/logback/logback-core/1.2.11/logback-core-1.2.11.jar:/home/yeahbutstill/.m2/repository/org/apache/logging/log4j/log4j-to-slf4j/2.17.2/log4j-to-slf4j-2.17.2.jar:/home/yeahbutstill/.m2/repository/org/apache/logging/log4j/log4j-api/2.17.2/log4j-api-2.17.2.jar:/home/yeahbutstill/.m2/repository/org/slf4j/jul-to-slf4j/1.7.36/jul-to-slf4j-1.7.36.jar:/home/yeahbutstill/.m2/repository/jakarta/annotation/jakarta.annotation-api/1.3.5/jakarta.annotation-api-1.3.5.jar:/home/yeahbutstill/.m2/repository/org/yaml/snakeyaml/1.30/snakeyaml-1.30.jar:/home/yeahbutstill/.m2/repository/org/springframework/security/spring-security-config/5.7.5/spring-security-config-5.7.5.jar:/home/yeahbutstill/.m2/repository/org/springframework/spring-aop/5.3.24/spring-aop-5.3.24.jar:/home/yeahbutstill/.m2/repository/org/springframework/spring-beans/5.3.24/spring-beans-5.3.24.jar:/home/yeahbutstill/.m2/repository/org/springframework/spring-context/5.3.24/spring-context-5.3.24.jar:/home/yeahbutstill/.m2/repository/org/springframework/security/spring-security-core/5.7.5/spring-security-core-5.7.5.jar:/home/yeahbutstill/.m2/repository/org/springframework/security/spring-security-crypto/5.7.5/spring-security-crypto-5.7.5.jar:/home/yeahbutstill/.m2/repository/org/springframework/spring-expression/5.3.24/spring-expression-5.3.24.jar:/home/yeahbutstill/.m2/repository/org/springframework/security/spring-security-oauth2-resource-server/5.7.5/spring-security-oauth2-resource-server-5.7.5.jar:/home/yeahbutstill/.m2/repository/org/springframework/security/spring-security-oauth2-core/5.7.5/spring-security-oauth2-core-5.7.5.jar:/home/yeahbutstill/.m2/repository/org/springframework/security/spring-security-web/5.7.5/spring-security-web-5.7.5.jar:/home/yeahbutstill/.m2/repository/org/springframework/security/spring-security-oauth2-jose/5.7.5/spring-security-oauth2-jose-5.7.5.jar:/home/yeahbutstill/.m2/repository/com/nimbusds/nimbus-jose-jwt/9.22/nimbus-jose-jwt-9.22.jar:/home/yeahbutstill/.m2/repository/com/github/stephenc/jcip/jcip-annotations/1.0-1/jcip-annotations-1.0-1.jar:/home/yeahbutstill/.m2/repository/org/springframework/boot/spring-boot-starter-validation/2.7.6/spring-boot-starter-validation-2.7.6.jar:/home/yeahbutstill/.m2/repository/org/apache/tomcat/embed/tomcat-embed-el/9.0.69/tomcat-embed-el-9.0.69.jar:/home/yeahbutstill/.m2/repository/org/hibernate/validator/hibernate-validator/6.2.5.Final/hibernate-validator-6.2.5.Final.jar:/home/yeahbutstill/.m2/repository/jakarta/validation/jakarta.validation-api/2.0.2/jakarta.validation-api-2.0.2.jar:/home/yeahbutstill/.m2/repository/org/jboss/logging/jboss-logging/3.4.3.Final/jboss-logging-3.4.3.Final.jar:/home/yeahbutstill/.m2/repository/com/fasterxml/classmate/1.5.1/classmate-1.5.1.jar:/home/yeahbutstill/.m2/repository/org/springframework/boot/spring-boot-starter-web/2.7.6/spring-boot-starter-web-2.7.6.jar:/home/yeahbutstill/.m2/repository/org/springframework/boot/spring-boot-starter-json/2.7.6/spring-boot-starter-json-2.7.6.jar:/home/yeahbutstill/.m2/repository/com/fasterxml/jackson/core/jackson-databind/2.13.4.2/jackson-databind-2.13.4.2.jar:/home/yeahbutstill/.m2/repository/com/fasterxml/jackson/datatype/jackson-datatype-jdk8/2.13.4/jackson-datatype-jdk8-2.13.4.jar:/home/yeahbutstill/.m2/repository/com/fasterxml/jackson/datatype/jackson-datatype-jsr310/2.13.4/jackson-datatype-jsr310-2.13.4.jar:/home/yeahbutstill/.m2/repository/com/fasterxml/jackson/module/jackson-module-parameter-names/2.13.4/jackson-module-parameter-names-2.13.4.jar:/home/yeahbutstill/.m2/repository/org/springframework/boot/spring-boot-starter-tomcat/2.7.6/spring-boot-starter-tomcat-2.7.6.jar:/home/yeahbutstill/.m2/repository/org/apache/tomcat/embed/tomcat-embed-core/9.0.69/tomcat-embed-core-9.0.69.jar:/home/yeahbutstill/.m2/repository/org/apache/tomcat/embed/tomcat-embed-websocket/9.0.69/tomcat-embed-websocket-9.0.69.jar:/home/yeahbutstill/.m2/repository/org/springframework/spring-web/5.3.24/spring-web-5.3.24.jar:/home/yeahbutstill/.m2/repository/org/springframework/spring-webmvc/5.3.24/spring-webmvc-5.3.24.jar:/home/yeahbutstill/.m2/repository/com/sun/jersey/contribs/jersey-apache-client4/1.19.4/jersey-apache-client4-1.19.4.jar:/home/yeahbutstill/.m2/repository/org/apache/httpcomponents/httpclient/4.5.13/httpclient-4.5.13.jar:/home/yeahbutstill/.m2/repository/org/apache/httpcomponents/httpcore/4.4.15/httpcore-4.4.15.jar:/home/yeahbutstill/.m2/repository/commons-codec/commons-codec/1.15/commons-codec-1.15.jar:/home/yeahbutstill/.m2/repository/com/sun/jersey/jersey-client/1.19.4/jersey-client-1.19.4.jar:/home/yeahbutstill/.m2/repository/com/sun/jersey/jersey-core/1.19.4/jersey-core-1.19.4.jar:/home/yeahbutstill/.m2/repository/org/springframework/cloud/spring-cloud-starter-netflix-eureka-client/3.1.4/spring-cloud-starter-netflix-eureka-client-3.1.4.jar:/home/yeahbutstill/.m2/repository/org/springframework/cloud/spring-cloud-starter/3.1.5/spring-cloud-starter-3.1.5.jar:/home/yeahbutstill/.m2/repository/org/springframework/cloud/spring-cloud-context/3.1.5/spring-cloud-context-3.1.5.jar:/home/yeahbutstill/.m2/repository/org/springframework/cloud/spring-cloud-commons/3.1.5/spring-cloud-commons-3.1.5.jar:/home/yeahbutstill/.m2/repository/org/springframework/security/spring-security-rsa/1.0.11.RELEASE/spring-security-rsa-1.0.11.RELEASE.jar:/home/yeahbutstill/.m2/repository/org/bouncycastle/bcpkix-jdk15on/1.69/bcpkix-jdk15on-1.69.jar:/home/yeahbutstill/.m2/repository/org/bouncycastle/bcprov-jdk15on/1.69/bcprov-jdk15on-1.69.jar:/home/yeahbutstill/.m2/repository/org/bouncycastle/bcutil-jdk15on/1.69/bcutil-jdk15on-1.69.jar:/home/yeahbutstill/.m2/repository/org/springframework/cloud/spring-cloud-netflix-eureka-client/3.1.4/spring-cloud-netflix-eureka-client-3.1.4.jar:/home/yeahbutstill/.m2/repository/com/netflix/eureka/eureka-client/1.10.17/eureka-client-1.10.17.jar:/home/yeahbutstill/.m2/repository/com/netflix/netflix-commons/netflix-eventbus/0.3.0/netflix-eventbus-0.3.0.jar:/home/yeahbutstill/.m2/repository/com/netflix/netflix-commons/netflix-infix/0.3.0/netflix-infix-0.3.0.jar:/home/yeahbutstill/.m2/repository/commons-jxpath/commons-jxpath/1.3/commons-jxpath-1.3.jar:/home/yeahbutstill/.m2/repository/joda-time/joda-time/2.3/joda-time-2.3.jar:/home/yeahbutstill/.m2/repository/org/antlr/antlr-runtime/3.4/antlr-runtime-3.4.jar:/home/yeahbutstill/.m2/repository/org/antlr/stringtemplate/3.2.1/stringtemplate-3.2.1.jar:/home/yeahbutstill/.m2/repository/antlr/antlr/2.7.7/antlr-2.7.7.jar:/home/yeahbutstill/.m2/repository/com/google/code/gson/gson/2.9.1/gson-2.9.1.jar:/home/yeahbutstill/.m2/repository/org/apache/commons/commons-math/2.2/commons-math-2.2.jar:/home/yeahbutstill/.m2/repository/com/thoughtworks/xstream/xstream/1.4.18/xstream-1.4.18.jar:/home/yeahbutstill/.m2/repository/io/github/x-stream/mxparser/1.2.2/mxparser-1.2.2.jar:/home/yeahbutstill/.m2/repository/xmlpull/xmlpull/1.1.3.1/xmlpull-1.1.3.1.jar:/home/yeahbutstill/.m2/repository/javax/ws/rs/jsr311-api/1.1.1/jsr311-api-1.1.1.jar:/home/yeahbutstill/.m2/repository/com/netflix/servo/servo-core/0.12.21/servo-core-0.12.21.jar:/home/yeahbutstill/.m2/repository/com/google/guava/guava/19.0/guava-19.0.jar:/home/yeahbutstill/.m2/repository/commons-configuration/commons-configuration/1.10/commons-configuration-1.10.jar:/home/yeahbutstill/.m2/repository/commons-lang/commons-lang/2.6/commons-lang-2.6.jar:/home/yeahbutstill/.m2/repository/com/google/inject/guice/4.1.0/guice-4.1.0.jar:/home/yeahbutstill/.m2/repository/javax/inject/javax.inject/1/javax.inject-1.jar:/home/yeahbutstill/.m2/repository/com/fasterxml/jackson/core/jackson-annotations/2.13.4/jackson-annotations-2.13.4.jar:/home/yeahbutstill/.m2/repository/com/fasterxml/jackson/core/jackson-core/2.13.4/jackson-core-2.13.4.jar:/home/yeahbutstill/.m2/repository/org/codehaus/jettison/jettison/1.4.0/jettison-1.4.0.jar:/home/yeahbutstill/.m2/repository/com/netflix/eureka/eureka-core/1.10.17/eureka-core-1.10.17.jar:/home/yeahbutstill/.m2/repository/com/fasterxml/woodstox/woodstox-core/6.2.1/woodstox-core-6.2.1.jar:/home/yeahbutstill/.m2/repository/org/codehaus/woodstox/stax2-api/4.2.1/stax2-api-4.2.1.jar:/home/yeahbutstill/.m2/repository/org/springframework/cloud/spring-cloud-starter-loadbalancer/3.1.5/spring-cloud-starter-loadbalancer-3.1.5.jar:/home/yeahbutstill/.m2/repository/org/springframework/cloud/spring-cloud-loadbalancer/3.1.5/spring-cloud-loadbalancer-3.1.5.jar:/home/yeahbutstill/.m2/repository/io/projectreactor/reactor-core/3.4.25/reactor-core-3.4.25.jar:/home/yeahbutstill/.m2/repository/org/reactivestreams/reactive-streams/1.0.4/reactive-streams-1.0.4.jar:/home/yeahbutstill/.m2/repository/io/projectreactor/addons/reactor-extra/3.4.9/reactor-extra-3.4.9.jar:/home/yeahbutstill/.m2/repository/org/springframework/boot/spring-boot-starter-cache/2.7.6/spring-boot-starter-cache-2.7.6.jar:/home/yeahbutstill/.m2/repository/org/springframework/spring-context-support/5.3.24/spring-context-support-5.3.24.jar:/home/yeahbutstill/.m2/repository/com/stoyanr/evictor/1.0.0/evictor-1.0.0.jar:/home/yeahbutstill/.m2/repository/org/springframework/boot/spring-boot-devtools/2.7.6/spring-boot-devtools-2.7.6.jar:/home/yeahbutstill/.m2/repository/org/springframework/boot/spring-boot/2.7.6/spring-boot-2.7.6.jar:/home/yeahbutstill/.m2/repository/org/springframework/boot/spring-boot-autoconfigure/2.7.6/spring-boot-autoconfigure-2.7.6.jar:/home/yeahbutstill/.m2/repository/org/springframework/boot/spring-boot-configuration-processor/2.7.6/spring-boot-configuration-processor-2.7.6.jar:/home/yeahbutstill/.m2/repository/org/projectlombok/lombok/1.18.24/lombok-1.18.24.jar:/home/yeahbutstill/.m2/repository/org/springframework/boot/spring-boot-starter-test/2.7.6/spring-boot-starter-test-2.7.6.jar:/home/yeahbutstill/.m2/repository/org/springframework/boot/spring-boot-test/2.7.6/spring-boot-test-2.7.6.jar:/home/yeahbutstill/.m2/repository/org/springframework/boot/spring-boot-test-autoconfigure/2.7.6/spring-boot-test-autoconfigure-2.7.6.jar:/home/yeahbutstill/.m2/repository/com/jayway/jsonpath/json-path/2.7.0/json-path-2.7.0.jar:/home/yeahbutstill/.m2/repository/net/minidev/json-smart/2.4.8/json-smart-2.4.8.jar:/home/yeahbutstill/.m2/repository/net/minidev/accessors-smart/2.4.8/accessors-smart-2.4.8.jar:/home/yeahbutstill/.m2/repository/org/ow2/asm/asm/9.1/asm-9.1.jar:/home/yeahbutstill/.m2/repository/org/slf4j/slf4j-api/1.7.36/slf4j-api-1.7.36.jar:/home/yeahbutstill/.m2/repository/jakarta/xml/bind/jakarta.xml.bind-api/2.3.3/jakarta.xml.bind-api-2.3.3.jar:/home/yeahbutstill/.m2/repository/jakarta/activation/jakarta.activation-api/1.2.2/jakarta.activation-api-1.2.2.jar:/home/yeahbutstill/.m2/repository/org/assertj/assertj-core/3.22.0/assertj-core-3.22.0.jar:/home/yeahbutstill/.m2/repository/org/hamcrest/hamcrest/2.2/hamcrest-2.2.jar:/home/yeahbutstill/.m2/repository/org/junit/jupiter/junit-jupiter/5.8.2/junit-jupiter-5.8.2.jar:/home/yeahbutstill/.m2/repository/org/junit/jupiter/junit-jupiter-api/5.8.2/junit-jupiter-api-5.8.2.jar:/home/yeahbutstill/.m2/repository/org/opentest4j/opentest4j/1.2.0/opentest4j-1.2.0.jar:/home/yeahbutstill/.m2/repository/org/junit/platform/junit-platform-commons/1.8.2/junit-platform-commons-1.8.2.jar:/home/yeahbutstill/.m2/repository/org/apiguardian/apiguardian-api/1.1.2/apiguardian-api-1.1.2.jar:/home/yeahbutstill/.m2/repository/org/junit/jupiter/junit-jupiter-params/5.8.2/junit-jupiter-params-5.8.2.jar:/home/yeahbutstill/.m2/repository/org/junit/jupiter/junit-jupiter-engine/5.8.2/junit-jupiter-engine-5.8.2.jar:/home/yeahbutstill/.m2/repository/org/junit/platform/junit-platform-engine/1.8.2/junit-platform-engine-1.8.2.jar:/home/yeahbutstill/.m2/repository/org/mockito/mockito-core/4.5.1/mockito-core-4.5.1.jar:/home/yeahbutstill/.m2/repository/net/bytebuddy/byte-buddy/1.12.19/byte-buddy-1.12.19.jar:/home/yeahbutstill/.m2/repository/net/bytebuddy/byte-buddy-agent/1.12.19/byte-buddy-agent-1.12.19.jar:/home/yeahbutstill/.m2/repository/org/objenesis/objenesis/3.2/objenesis-3.2.jar:/home/yeahbutstill/.m2/repository/org/mockito/mockito-junit-jupiter/4.5.1/mockito-junit-jupiter-4.5.1.jar:/home/yeahbutstill/.m2/repository/org/skyscreamer/jsonassert/1.5.1/jsonassert-1.5.1.jar:/home/yeahbutstill/.m2/repository/com/vaadin/external/google/android-json/0.0.20131108.vaadin1/android-json-0.0.20131108.vaadin1.jar:/home/yeahbutstill/.m2/repository/org/springframework/spring-core/5.3.24/spring-core-5.3.24.jar:/home/yeahbutstill/.m2/repository/org/springframework/spring-jcl/5.3.24/spring-jcl-5.3.24.jar:/home/yeahbutstill/.m2/repository/org/springframework/spring-test/5.3.24/spring-test-5.3.24.jar:/home/yeahbutstill/.m2/repository/org/xmlunit/xmlunit-core/2.9.0/xmlunit-core-2.9.0.jar:"/>
    <property name="java.vm.vendor" value="Eclipse Adoptium"/>
    <property name="sun.arch.data.model" value="64"/>
    <property name="java.vendor.url" value="https://adoptium.net/"/>
    <property name="os.name" value="Linux"/>
    <property name="java.vm.specification.version" value="17"/>
    <property name="sun.java.launcher" value="SUN_STANDARD"/>
    <property name="user.country" value="US"/>
    <property name="sun.boot.library.path" value="/home/yeahbutstill/.sdkman/candidates/java/17.0.5-tem/lib"/>
    <property name="sun.java.command" value="/home/yeahbutstill/IdeaProjects/OAuth 2.0 in Spring Boot Applications/resource-serv/target/surefire/surefirebooter1535512780888779948.jar /home/yeahbutstill/IdeaProjects/OAuth 2.0 in Spring Boot Applications/resource-serv/target/surefire 2022-12-17T09-44-00_587-jvmRun1 surefire4844213777801957481tmp surefire_016730146380754847535tmp"/>
    <property name="jdk.debug" value="release"/>
    <property name="surefire.test.class.path" value="/home/yeahbutstill/IdeaProjects/OAuth 2.0 in Spring Boot Applications/resource-serv/target/test-classes:/home/yeahbutstill/IdeaProjects/OAuth 2.0 in Spring Boot Applications/resource-serv/target/classes:/home/yeahbutstill/.m2/repository/org/springframework/boot/spring-boot-starter-oauth2-resource-server/2.7.6/spring-boot-starter-oauth2-resource-server-2.7.6.jar:/home/yeahbutstill/.m2/repository/org/springframework/boot/spring-boot-starter/2.7.6/spring-boot-starter-2.7.6.jar:/home/yeahbutstill/.m2/repository/org/springframework/boot/spring-boot-starter-logging/2.7.6/spring-boot-starter-logging-2.7.6.jar:/home/yeahbutstill/.m2/repository/ch/qos/logback/logback-classic/1.2.11/logback-classic-1.2.11.jar:/home/yeahbutstill/.m2/repository/ch/qos/logback/logback-core/1.2.11/logback-core-1.2.11.jar:/home/yeahbutstill/.m2/repository/org/apache/logging/log4j/log4j-to-slf4j/2.17.2/log4j-to-slf4j-2.17.2.jar:/home/yeahbutstill/.m2/repository/org/apache/logging/log4j/log4j-api/2.17.2/log4j-api-2.17.2.jar:/home/yeahbutstill/.m2/repository/org/slf4j/jul-to-slf4j/1.7.36/jul-to-slf4j-1.7.36.jar:/home/yeahbutstill/.m2/repository/jakarta/annotation/jakarta.annotation-api/1.3.5/jakarta.annotation-api-1.3.5.jar:/home/yeahbutstill/.m2/repository/org/yaml/snakeyaml/1.30/snakeyaml-1.30.jar:/home/yeahbutstill/.m2/repository/org/springframework/security/spring-security-config/5.7.5/spring-security-config-5.7.5.jar:/home/yeahbutstill/.m2/repository/org/springframework/spring-aop/5.3.24/spring-aop-5.3.24.jar:/home/yeahbutstill/.m2/repository/org/springframework/spring-beans/5.3.24/spring-beans-5.3.24.jar:/home/yeahbutstill/.m2/repository/org/springframework/spring-context/5.3.24/spring-context-5.3.24.jar:/home/yeahbutstill/.m2/repository/org/springframework/security/spring-security-core/5.7.5/spring-security-core-5.7.5.jar:/home/yeahbutstill/.m2/repository/org/springframework/security/spring-security-crypto/5.7.5/spring-security-crypto-5.7.5.jar:/home/yeahbutstill/.m2/repository/org/springframework/spring-expression/5.3.24/spring-expression-5.3.24.jar:/home/yeahbutstill/.m2/repository/org/springframework/security/spring-security-oauth2-resource-server/5.7.5/spring-security-oauth2-resource-server-5.7.5.jar:/home/yeahbutstill/.m2/repository/org/springframework/security/spring-security-oauth2-core/5.7.5/spring-security-oauth2-core-5.7.5.jar:/home/yeahbutstill/.m2/repository/org/springframework/security/spring-security-web/5.7.5/spring-security-web-5.7.5.jar:/home/yeahbutstill/.m2/repository/org/springframework/security/spring-security-oauth2-jose/5.7.5/spring-security-oauth2-jose-5.7.5.jar:/home/yeahbutstill/.m2/repository/com/nimbusds/nimbus-jose-jwt/9.22/nimbus-jose-jwt-9.22.jar:/home/yeahbutstill/.m2/repository/com/github/stephenc/jcip/jcip-annotations/1.0-1/jcip-annotations-1.0-1.jar:/home/yeahbutstill/.m2/repository/org/springframework/boot/spring-boot-starter-validation/2.7.6/spring-boot-starter-validation-2.7.6.jar:/home/yeahbutstill/.m2/repository/org/apache/tomcat/embed/tomcat-embed-el/9.0.69/tomcat-embed-el-9.0.69.jar:/home/yeahbutstill/.m2/repository/org/hibernate/validator/hibernate-validator/6.2.5.Final/hibernate-validator-6.2.5.Final.jar:/home/yeahbutstill/.m2/repository/jakarta/validation/jakarta.validation-api/2.0.2/jakarta.validation-api-2.0.2.jar:/home/yeahbutstill/.m2/repository/org/jboss/logging/jboss-logging/3.4.3.Final/jboss-logging-3.4.3.Final.jar:/home/yeahbutstill/.m2/repository/com/fasterxml/classmate/1.5.1/classmate-1.5.1.jar:/home/yeahbutstill/.m2/repository/org/springframework/boot/spring-boot-starter-web/2.7.6/spring-boot-starter-web-2.7.6.jar:/home/yeahbutstill/.m2/repository/org/springframework/boot/spring-boot-starter-json/2.7.6/spring-boot-starter-json-2.7.6.jar:/home/yeahbutstill/.m2/repository/com/fasterxml/jackson/core/jackson-databind/2.13.4.2/jackson-databind-2.13.4.2.jar:/home/yeahbutstill/.m2/repository/com/fasterxml/jackson/datatype/jackson-datatype-jdk8/2.13.4/jackson-datatype-jdk8-2.13.4.jar:/home/yeahbutstill/.m2/repository/com/fasterxml/jackson/datatype/jackson-datatype-jsr310/2.13.4/jackson-datatype-jsr310-2.13.4.jar:/home/yeahbutstill/.m2/repository/com/fasterxml/jackson/module/jackson-module-parameter-names/2.13.4/jackson-module-parameter-names-2.13.4.jar:/home/yeahbutstill/.m2/repository/org/springframework/boot/spring-boot-starter-tomcat/2.7.6/spring-boot-starter-tomcat-2.7.6.jar:/home/yeahbutstill/.m2/repository/org/apache/tomcat/embed/tomcat-embed-core/9.0.69/tomcat-embed-core-9.0.69.jar:/home/yeahbutstill/.m2/repository/org/apache/tomcat/embed/tomcat-embed-websocket/9.0.69/tomcat-embed-websocket-9.0.69.jar:/home/yeahbutstill/.m2/repository/org/springframework/spring-web/5.3.24/spring-web-5.3.24.jar:/home/yeahbutstill/.m2/repository/org/springframework/spring-webmvc/5.3.24/spring-webmvc-5.3.24.jar:/home/yeahbutstill/.m2/repository/com/sun/jersey/contribs/jersey-apache-client4/1.19.4/jersey-apache-client4-1.19.4.jar:/home/yeahbutstill/.m2/repository/org/apache/httpcomponents/httpclient/4.5.13/httpclient-4.5.13.jar:/home/yeahbutstill/.m2/repository/org/apache/httpcomponents/httpcore/4.4.15/httpcore-4.4.15.jar:/home/yeahbutstill/.m2/repository/commons-codec/commons-codec/1.15/commons-codec-1.15.jar:/home/yeahbutstill/.m2/repository/com/sun/jersey/jersey-client/1.19.4/jersey-client-1.19.4.jar:/home/yeahbutstill/.m2/repository/com/sun/jersey/jersey-core/1.19.4/jersey-core-1.19.4.jar:/home/yeahbutstill/.m2/repository/org/springframework/cloud/spring-cloud-starter-netflix-eureka-client/3.1.4/spring-cloud-starter-netflix-eureka-client-3.1.4.jar:/home/yeahbutstill/.m2/repository/org/springframework/cloud/spring-cloud-starter/3.1.5/spring-cloud-starter-3.1.5.jar:/home/yeahbutstill/.m2/repository/org/springframework/cloud/spring-cloud-context/3.1.5/spring-cloud-context-3.1.5.jar:/home/yeahbutstill/.m2/repository/org/springframework/cloud/spring-cloud-commons/3.1.5/spring-cloud-commons-3.1.5.jar:/home/yeahbutstill/.m2/repository/org/springframework/security/spring-security-rsa/1.0.11.RELEASE/spring-security-rsa-1.0.11.RELEASE.jar:/home/yeahbutstill/.m2/repository/org/bouncycastle/bcpkix-jdk15on/1.69/bcpkix-jdk15on-1.69.jar:/home/yeahbutstill/.m2/repository/org/bouncycastle/bcprov-jdk15on/1.69/bcprov-jdk15on-1.69.jar:/home/yeahbutstill/.m2/repository/org/bouncycastle/bcutil-jdk15on/1.69/bcutil-jdk15on-1.69.jar:/home/yeahbutstill/.m2/repository/org/springframework/cloud/spring-cloud-netflix-eureka-client/3.1.4/spring-cloud-netflix-eureka-client-3.1.4.jar:/home/yeahbutstill/.m2/repository/com/netflix/eureka/eureka-client/1.10.17/eureka-client-1.10.17.jar:/home/yeahbutstill/.m2/repository/com/netflix/netflix-commons/netflix-eventbus/0.3.0/netflix-eventbus-0.3.0.jar:/home/yeahbutstill/.m2/repository/com/netflix/netflix-commons/netflix-infix/0.3.0/netflix-infix-0.3.0.jar:/home/yeahbutstill/.m2/repository/commons-jxpath/commons-jxpath/1.3/commons-jxpath-1.3.jar:/home/yeahbutstill/.m2/repository/joda-time/joda-time/2.3/joda-time-2.3.jar:/home/yeahbutstill/.m2/repository/org/antlr/antlr-runtime/3.4/antlr-runtime-3.4.jar:/home/yeahbutstill/.m2/repository/org/antlr/stringtemplate/3.2.1/stringtemplate-3.2.1.jar:/home/yeahbutstill/.m2/repository/antlr/antlr/2.7.7/antlr-2.7.7.jar:/home/yeahbutstill/.m2/repository/com/google/code/gson/gson/2.9.1/gson-2.9.1.jar:/home/yeahbutstill/.m2/repository/org/apache/commons/commons-math/2.2/commons-math-2.2.jar:/home/yeahbutstill/.m2/repository/com/thoughtworks/xstream/xstream/1.4.18/xstream-1.4.18.jar:/home/yeahbutstill/.m2/repository/io/github/x-stream/mxparser/1.2.2/mxparser-1.2.2.jar:/home/yeahbutstill/.m2/repository/xmlpull/xmlpull/1.1.3.1/xmlpull-1.1.3.1.jar:/home/yeahbutstill/.m2/repository/javax/ws/rs/jsr311-api/1.1.1/jsr311-api-1.1.1.jar:/home/yeahbutstill/.m2/repository/com/netflix/servo/servo-core/0.12.21/servo-core-0.12.21.jar:/home/yeahbutstill/.m2/repository/com/google/guava/guava/19.0/guava-19.0.jar:/home/yeahbutstill/.m2/repository/commons-configuration/commons-configuration/1.10/commons-configuration-1.10.jar:/home/yeahbutstill/.m2/repository/commons-lang/commons-lang/2.6/commons-lang-2.6.jar:/home/yeahbutstill/.m2/repository/com/google/inject/guice/4.1.0/guice-4.1.0.jar:/home/yeahbutstill/.m2/repository/javax/inject/javax.inject/1/javax.inject-1.jar:/home/yeahbutstill/.m2/repository/com/fasterxml/jackson/core/jackson-annotations/2.13.4/jackson-annotations-2.13.4.jar:/home/yeahbutstill/.m2/repository/com/fasterxml/jackson/core/jackson-core/2.13.4/jackson-core-2.13.4.jar:/home/yeahbutstill/.m2/repository/org/codehaus/jettison/jettison/1.4.0/jettison-1.4.0.jar:/home/yeahbutstill/.m2/repository/com/netflix/eureka/eureka-core/1.10.17/eureka-core-1.10.17.jar:/home/yeahbutstill/.m2/repository/com/fasterxml/woodstox/woodstox-core/6.2.1/woodstox-core-6.2.1.jar:/home/yeahbutstill/.m2/repository/org/codehaus/woodstox/stax2-api/4.2.1/stax2-api-4.2.1.jar:/home/yeahbutstill/.m2/repository/org/springframework/cloud/spring-cloud-starter-loadbalancer/3.1.5/spring-cloud-starter-loadbalancer-3.1.5.jar:/home/yeahbutstill/.m2/repository/org/springframework/cloud/spring-cloud-loadbalancer/3.1.5/spring-cloud-loadbalancer-3.1.5.jar:/home/yeahbutstill/.m2/repository/io/projectreactor/reactor-core/3.4.25/reactor-core-3.4.25.jar:/home/yeahbutstill/.m2/repository/org/reactivestreams/reactive-streams/1.0.4/reactive-streams-1.0.4.jar:/home/yeahbutstill/.m2/repository/io/projectreactor/addons/reactor-extra/3.4.9/reactor-extra-3.4.9.jar:/home/yeahbutstill/.m2/repository/org/springframework/boot/spring-boot-starter-cache/2.7.6/spring-boot-starter-cache-2.7.6.jar:/home/yeahbutstill/.m2/repository/org/springframework/spring-context-support/5.3.24/spring-context-support-5.3.24.jar:/home/yeahbutstill/.m2/repository/com/stoyanr/evictor/1.0.0/evictor-1.0.0.jar:/home/yeahbutstill/.m2/repository/org/springframework/boot/spring-boot-devtools/2.7.6/spring-boot-devtools-2.7.6.jar:/home/yeahbutstill/.m2/repository/org/springframework/boot/spring-boot/2.7.6/spring-boot-2.7.6.jar:/home/yeahbutstill/.m2/repository/org/springframework/boot/spring-boot-autoconfigure/2.7.6/spring-boot-autoconfigure-2.7.6.jar:/home/yeahbutstill/.m2/repository/org/springframework/boot/spring-boot-configuration-processor/2.7.6/spring-boot-configuration-processor-2.7.6.jar:/home/yeahbutstill/.m2/repository/org/projectlombok/lombok/1.18.24/lombok-1.18.24.jar:/home/yeahbutstill/.m2/repository/org/springframework/boot/spring-boot-starter-test/2.7.6/spring-boot-starter-test-2.7.6.jar:/home/yeahbutstill/.m2/repository/org/springframework/boot/spring-boot-test/2.7.6/spring-boot-test-2.7.6.jar:/home/yeahbutstill/.m2/repository/org/springframework/boot/spring-boot-test-autoconfigure/2.7.6/spring-boot-test-autoconfigure-2.7.6.jar:/home/yeahbutstill/.m2/repository/com/jayway/jsonpath/json-path/2.7.0/json-path-2.7.0.jar:/home/yeahbutstill/.m2/repository/net/minidev/json-smart/2.4.8/json-smart-2.4.8.jar:/home/yeahbutstill/.m2/repository/net/minidev/accessors-smart/2.4.8/accessors-smart-2.4.8.jar:/home/yeahbutstill/.m2/repository/org/ow2/asm/asm/9.1/asm-9.1.jar:/home/yeahbutstill/.m2/repository/org/slf4j/slf4j-api/1.7.36/slf4j-api-1.7.36.jar:/home/yeahbutstill/.m2/repository/jakarta/xml/bind/jakarta.xml.bind-api/2.3.3/jakarta.xml.bind-api-2.3.3.jar:/home/yeahbutstill/.m2/repository/jakarta/activation/jakarta.activation-api/1.2.2/jakarta.activation-api-1.2.2.jar:/home/yeahbutstill/.m2/repository/org/assertj/assertj-core/3.22.0/assertj-core-3.22.0.jar:/home/yeahbutstill/.m2/repository/org/hamcrest/hamcrest/2.2/hamcrest-2.2.jar:/home/yeahbutstill/.m2/repository/org/junit/jupiter/junit-jupiter/5.8.2/junit-jupiter-5.8.2.jar:/home/yeahbutstill/.m2/repository/org/junit/jupiter/junit-jupiter-api/5.8.2/junit-jupiter-api-5.8.2.jar:/home/yeahbutstill/.m2/repository/org/opentest4j/opentest4j/1.2.0/opentest4j-1.2.0.jar:/home/yeahbutstill/.m2/repository/org/junit/platform/junit-platform-commons/1.8.2/junit-platform-commons-1.8.2.jar:/home/yeahbutstill/.m2/repository/org/apiguardian/apiguardian-api/1.1.2/apiguardian-api-1.1.2.jar:/home/yeahbutstill/.m2/repository/org/junit/jupiter/junit-jupiter-params/5.8.2/junit-jupiter-params-5.8.2.jar:/home/yeahbutstill/.m2/repository/org/junit/jupiter/junit-jupiter-engine/5.8.2/junit-jupiter-engine-5.8.2.jar:/home/yeahbutstill/.m2/repository/org/junit/platform/junit-platform-engine/1.8.2/junit-platform-engine-1.8.2.jar:/home/yeahbutstill/.m2/repository/org/mockito/mockito-core/4.5.1/mockito-core-4.5.1.jar:/home/yeahbutstill/.m2/repository/net/bytebuddy/byte-buddy/1.12.19/byte-buddy-1.12.19.jar:/home/yeahbutstill/.m2/repository/net/bytebuddy/byte-buddy-agent/1.12.19/byte-buddy-agent-1.12.19.jar:/home/yeahbutstill/.m2/repository/org/objenesis/objenesis/3.2/objenesis-3.2.jar:/home/yeahbutstill/.m2/repository/org/mockito/mockito-junit-jupiter/4.5.1/mockito-junit-jupiter-4.5.1.jar:/home/yeahbutstill/.m2/repository/org/skyscreamer/jsonassert/1.5.1/jsonassert-1.5.1.jar:/home/yeahbutstill/.m2/repository/com/vaadin/external/google/android-json/0.0.20131108.vaadin1/android-json-0.0.20131108.vaadin1.jar:/home/yeahbutstill/.m2/repository/org/springframework/spring-core/5.3.24/spring-core-5.3.24.jar:/home/yeahbutstill/.m2/repository/org/springframework/spring-jcl/5.3.24/spring-jcl-5.3.24.jar:/home/yeahbutstill/.m2/repository/org/springframework/spring-test/5.3.24/spring-test-5.3.24.jar:/home/yeahbutstill/.m2/repository/org/xmlunit/xmlunit-core/2.9.0/xmlunit-core-2.9.0.jar:"/>
    <property name="sun.cpu.endian" value="little"/>
    <property name="user.home" value="/home/yeahbutstill"/>
    <property name="user.language" value="en"/>
    <property name="java.specification.vendor" value="Oracle Corporation"/>
    <property name="java.version.date" value="2022-10-18"/>
    <property name="java.home" value="/home/yeahbutstill/.sdkman/candidates/java/17.0.5-tem"/>
    <property name="file.separator" value="/"/>
    <property name="basedir" value="/home/yeahbutstill/IdeaProjects/OAuth 2.0 in Spring Boot Applications/resource-serv"/>
    <property name="java.vm.compressedOopsMode" value="Zero based"/>
    <property name="line.separator" value="&#10;"/>
    <property name="java.vm.specification.vendor" value="Oracle Corporation"/>
    <property name="java.specification.name" value="Java Platform API Specification"/>
    <property name="surefire.real.class.path" value="/home/yeahbutstill/IdeaProjects/OAuth 2.0 in Spring Boot Applications/resource-serv/target/surefire/surefirebooter1535512780888779948.jar"/>
    <property name="sun.management.compiler" value="HotSpot 64-Bit Tiered Compilers"/>
    <property name="java.runtime.version" value="17.0.5+8"/>
    <property name="user.name" value="yeahbutstill"/>
    <property name="path.separator" value=":"/>
    <property name="os.version" value="5.14.0-210.el9.x86_64"/>
    <property name="java.runtime.name" value="OpenJDK Runtime Environment"/>
    <property name="file.encoding" value="UTF-8"/>
    <property name="java.vm.name" value="OpenJDK 64-Bit Server VM"/>
    <property name="java.vendor.version" value="Temurin-17.0.5+8"/>
    <property name="localRepository" value="/home/yeahbutstill/.m2/repository"/>
    <property name="java.vendor.url.bug" value="https://github.com/adoptium/adoptium-support/issues"/>
    <property name="java.io.tmpdir" value="/tmp"/>
    <property name="java.version" value="17.0.5"/>
    <property name="user.dir" value="/home/yeahbutstill/IdeaProjects/OAuth 2.0 in Spring Boot Applications/resource-serv"/>
    <property name="os.arch" value="amd64"/>
    <property name="java.vm.specification.name" value="Java Virtual Machine Specification"/>
    <property name="native.encoding" value="UTF-8"/>
    <property name="java.library.path" value="/usr/local/cuda-11.7/lib64:/usr/local/cuda-11.7/lib64:/usr/local/cuda-11.7/lib64:/usr/java/packages/lib:/usr/lib64:/lib64:/lib:/usr/lib"/>
    <property name="java.vm.info" value="mixed mode, sharing"/>
    <property name="java.vendor" value="Eclipse Adoptium"/>
    <property name="java.vm.version" value="17.0.5+8"/>
    <property name="sun.io.unicode.encoding" value="UnicodeLittle"/>
    <property name="java.class.version" value="61.0"/>
  </properties>
  <testcase name="contextLoads" classname="com.yeahbutstilldev.ws.api.resourceserver.ResourceServerApplicationTests" time="1.718"/>
</testsuite>